<?xml version="1.0" encoding="UTF-8"?>
<!-- Generated by org.testng.reporters.JUnitXMLReporter -->
<testsuite ignored="0" hostname="LAPTOP-KQ6KACL0" failures="0" tests="6" name="Surefire test" time="21.641" errors="0" timestamp="2022-02-15T12:49:05 EST">
  <testcase classname="cucumber.api.testng.AbstractTestNGCucumberTests" name="feature" time="4.706"/>
  <testcase classname="cucumber.api.testng.AbstractTestNGCucumberTests" name="feature" time="4.323"/>
  <testcase classname="cucumber.api.testng.AbstractTestNGCucumberTests" name="feature" time="2.279"/>
  <testcase classname="cucumber.api.testng.AbstractTestNGCucumberTests" name="feature" time="2.59"/>
  <testcase classname="cucumber.api.testng.AbstractTestNGCucumberTests" name="feature" time="1.829"/>
  <testcase classname="cucumber.api.testng.AbstractTestNGCucumberTests" name="feature" time="3.463"/>
</testsuite> <!-- Surefire test -->
