<?xml version="1.0" encoding="UTF-8"?>
<!-- Generated by org.testng.reporters.JUnitXMLReporter -->
<testsuite ignored="0" hostname="LAPTOP-KQ6KACL0" failures="0" tests="3" name="Default test" time="20.532" errors="0" timestamp="2021-12-26T16:03:06 EST">
  <testcase classname="cucumber.api.testng.AbstractTestNGCucumberTests" name="feature" time="6.4"/>
  <testcase classname="cucumber.api.testng.AbstractTestNGCucumberTests" name="feature" time="8.353"/>
  <testcase classname="cucumber.api.testng.AbstractTestNGCucumberTests" name="feature" time="3.331"/>
</testsuite> <!-- Default test -->
