<?xml version="1.0" encoding="UTF-8"?>
<testng-results ignored="0" total="6" passed="6" failed="0" skipped="0">
  <reporter-output>
  </reporter-output>
  <suite started-at="2022-02-15T12:48:43 EST" name="Surefire suite" finished-at="2022-02-15T12:49:05 EST" duration-ms="21641">
    <groups>
      <group name="cucumber">
        <method signature="AbstractTestNGCucumberTests.feature(cucumber.api.testng.CucumberFeatureWrapper)[pri:0, instance:com.TestRunner.TestRunner@397fbdb]" name="feature" class="cucumber.api.testng.AbstractTestNGCucumberTests"/>
      </group> <!-- cucumber -->
    </groups>
    <test started-at="2022-02-15T12:48:43 EST" name="Surefire test" finished-at="2022-02-15T12:49:05 EST" duration-ms="21641">
      <class name="com.TestRunner.TestRunner">
        <test-method is-config="true" signature="launchURL()[pri:0, instance:com.TestRunner.TestRunner@397fbdb]" started-at="2022-02-15T12:48:43 EST" name="launchURL" finished-at="2022-02-15T12:48:45 EST" duration-ms="1600" status="PASS">
          <reporter-output>
          </reporter-output>
        </test-method> <!-- launchURL -->
        <test-method is-config="true" signature="setUpClass()[pri:0, instance:com.TestRunner.TestRunner@397fbdb]" started-at="2022-02-15T12:48:45 EST" name="setUpClass" finished-at="2022-02-15T12:48:45 EST" duration-ms="123" status="PASS">
          <reporter-output>
          </reporter-output>
        </test-method> <!-- setUpClass -->
        <test-method signature="feature(cucumber.api.testng.CucumberFeatureWrapper)[pri:0, instance:com.TestRunner.TestRunner@397fbdb]" started-at="2022-02-15T12:48:45 EST" name="feature" description="Runs Cucumber Feature" data-provider="features" finished-at="2022-02-15T12:48:49 EST" duration-ms="4706" status="PASS">
          <params>
            <param index="0">
              <value>
                <![CDATA[Dell Login]]>
              </value>
            </param>
          </params>
          <reporter-output>
          </reporter-output>
        </test-method> <!-- feature -->
        <test-method signature="feature(cucumber.api.testng.CucumberFeatureWrapper)[pri:0, instance:com.TestRunner.TestRunner@397fbdb]" started-at="2022-02-15T12:48:49 EST" name="feature" description="Runs Cucumber Feature" data-provider="features" finished-at="2022-02-15T12:48:54 EST" duration-ms="4323" status="PASS">
          <params>
            <param index="0">
              <value>
                <![CDATA[Education Services]]>
              </value>
            </param>
          </params>
          <reporter-output>
          </reporter-output>
        </test-method> <!-- feature -->
        <test-method signature="feature(cucumber.api.testng.CucumberFeatureWrapper)[pri:0, instance:com.TestRunner.TestRunner@397fbdb]" started-at="2022-02-15T12:48:54 EST" name="feature" description="Runs Cucumber Feature" data-provider="features" finished-at="2022-02-15T12:48:56 EST" duration-ms="2279" status="PASS">
          <params>
            <param index="0">
              <value>
                <![CDATA[Gaming PC Deals]]>
              </value>
            </param>
          </params>
          <reporter-output>
          </reporter-output>
        </test-method> <!-- feature -->
        <test-method signature="feature(cucumber.api.testng.CucumberFeatureWrapper)[pri:0, instance:com.TestRunner.TestRunner@397fbdb]" started-at="2022-02-15T12:48:56 EST" name="feature" description="Runs Cucumber Feature" data-provider="features" finished-at="2022-02-15T12:48:59 EST" duration-ms="2590" status="PASS">
          <params>
            <param index="0">
              <value>
                <![CDATA[Servers Deals]]>
              </value>
            </param>
          </params>
          <reporter-output>
          </reporter-output>
        </test-method> <!-- feature -->
        <test-method signature="feature(cucumber.api.testng.CucumberFeatureWrapper)[pri:0, instance:com.TestRunner.TestRunner@397fbdb]" started-at="2022-02-15T12:48:59 EST" name="feature" description="Runs Cucumber Feature" data-provider="features" finished-at="2022-02-15T12:49:00 EST" duration-ms="1829" status="PASS">
          <params>
            <param index="0">
              <value>
                <![CDATA[Workstation]]>
              </value>
            </param>
          </params>
          <reporter-output>
          </reporter-output>
        </test-method> <!-- feature -->
        <test-method signature="feature(cucumber.api.testng.CucumberFeatureWrapper)[pri:0, instance:com.TestRunner.TestRunner@397fbdb]" started-at="2022-02-15T12:49:00 EST" name="feature" description="Runs Cucumber Feature" data-provider="features" finished-at="2022-02-15T12:49:04 EST" duration-ms="3463" status="PASS">
          <params>
            <param index="0">
              <value>
                <![CDATA[XPSSearch]]>
              </value>
            </param>
          </params>
          <reporter-output>
          </reporter-output>
        </test-method> <!-- feature -->
        <test-method is-config="true" signature="tearDownClass()[pri:0, instance:com.TestRunner.TestRunner@397fbdb]" started-at="2022-02-15T12:49:04 EST" name="tearDownClass" finished-at="2022-02-15T12:49:04 EST" duration-ms="8" status="PASS">
          <reporter-output>
          </reporter-output>
        </test-method> <!-- tearDownClass -->
        <test-method is-config="true" signature="closeURL()[pri:0, instance:com.TestRunner.TestRunner@397fbdb]" started-at="2022-02-15T12:49:04 EST" name="closeURL" finished-at="2022-02-15T12:49:05 EST" duration-ms="647" status="PASS">
          <reporter-output>
          </reporter-output>
        </test-method> <!-- closeURL -->
      </class> <!-- com.TestRunner.TestRunner -->
    </test> <!-- Surefire test -->
  </suite> <!-- Surefire suite -->
</testng-results>
