<?xml version="1.0" encoding="UTF-8"?>
<testng-results ignored="0" total="3" passed="3" failed="0" skipped="0">
  <reporter-output>
  </reporter-output>
  <suite started-at="2021-12-24T22:41:09 EST" name="Surefire suite" finished-at="2021-12-24T22:41:32 EST" duration-ms="22551">
    <groups>
      <group name="cucumber">
        <method signature="AbstractTestNGCucumberTests.feature(cucumber.api.testng.CucumberFeatureWrapper)[pri:0, instance:com.TestRunner.TestRunner@397fbdb]" name="feature" class="cucumber.api.testng.AbstractTestNGCucumberTests"/>
      </group> <!-- cucumber -->
    </groups>
    <test started-at="2021-12-24T22:41:09 EST" name="Surefire test" finished-at="2021-12-24T22:41:32 EST" duration-ms="22551">
      <class name="com.TestRunner.TestRunner">
        <test-method is-config="true" signature="launchURL()[pri:0, instance:com.TestRunner.TestRunner@397fbdb]" started-at="2021-12-24T22:41:09 EST" name="launchURL" finished-at="2021-12-24T22:41:11 EST" duration-ms="1621" status="PASS">
          <reporter-output>
          </reporter-output>
        </test-method> <!-- launchURL -->
        <test-method is-config="true" signature="setUpClass()[pri:0, instance:com.TestRunner.TestRunner@397fbdb]" started-at="2021-12-24T22:41:11 EST" name="setUpClass" finished-at="2021-12-24T22:41:11 EST" duration-ms="106" status="PASS">
          <reporter-output>
          </reporter-output>
        </test-method> <!-- setUpClass -->
        <test-method signature="feature(cucumber.api.testng.CucumberFeatureWrapper)[pri:0, instance:com.TestRunner.TestRunner@397fbdb]" started-at="2021-12-24T22:41:11 EST" name="feature" description="Runs Cucumber Feature" data-provider="features" finished-at="2021-12-24T22:41:19 EST" duration-ms="8003" status="PASS">
          <params>
            <param index="0">
              <value>
                <![CDATA[Deals]]>
              </value>
            </param>
          </params>
          <reporter-output>
          </reporter-output>
        </test-method> <!-- feature -->
        <test-method signature="feature(cucumber.api.testng.CucumberFeatureWrapper)[pri:0, instance:com.TestRunner.TestRunner@397fbdb]" started-at="2021-12-24T22:41:19 EST" name="feature" description="Runs Cucumber Feature" data-provider="features" finished-at="2021-12-24T22:41:29 EST" duration-ms="9816" status="PASS">
          <params>
            <param index="0">
              <value>
                <![CDATA[Dell Login]]>
              </value>
            </param>
          </params>
          <reporter-output>
          </reporter-output>
        </test-method> <!-- feature -->
        <test-method signature="feature(cucumber.api.testng.CucumberFeatureWrapper)[pri:0, instance:com.TestRunner.TestRunner@397fbdb]" started-at="2021-12-24T22:41:29 EST" name="feature" description="Runs Cucumber Feature" data-provider="features" finished-at="2021-12-24T22:41:31 EST" duration-ms="2266" status="PASS">
          <params>
            <param index="0">
              <value>
                <![CDATA[Servers Deals]]>
              </value>
            </param>
          </params>
          <reporter-output>
          </reporter-output>
        </test-method> <!-- feature -->
        <test-method is-config="true" signature="tearDownClass()[pri:0, instance:com.TestRunner.TestRunner@397fbdb]" started-at="2021-12-24T22:41:31 EST" name="tearDownClass" finished-at="2021-12-24T22:41:31 EST" duration-ms="11" status="PASS">
          <reporter-output>
          </reporter-output>
        </test-method> <!-- tearDownClass -->
        <test-method is-config="true" signature="closeURL()[pri:0, instance:com.TestRunner.TestRunner@397fbdb]" started-at="2021-12-24T22:41:31 EST" name="closeURL" finished-at="2021-12-24T22:41:32 EST" duration-ms="658" status="PASS">
          <reporter-output>
          </reporter-output>
        </test-method> <!-- closeURL -->
      </class> <!-- com.TestRunner.TestRunner -->
    </test> <!-- Surefire test -->
  </suite> <!-- Surefire suite -->
</testng-results>
