<?xml version="1.0" encoding="UTF-8"?>
<testng-results ignored="0" total="3" passed="3" failed="0" skipped="0">
  <reporter-output>
  </reporter-output>
  <suite started-at="2021-12-26T16:02:45 EST" name="Default suite" finished-at="2021-12-26T16:03:06 EST" duration-ms="20532">
    <groups>
      <group name="cucumber">
        <method signature="AbstractTestNGCucumberTests.feature(cucumber.api.testng.CucumberFeatureWrapper)[pri:0, instance:com.TestRunner.TestRunner@346d61be]" name="feature" class="cucumber.api.testng.AbstractTestNGCucumberTests"/>
      </group> <!-- cucumber -->
    </groups>
    <test started-at="2021-12-26T16:02:45 EST" name="Default test" finished-at="2021-12-26T16:03:06 EST" duration-ms="20532">
      <class name="com.TestRunner.TestRunner">
        <test-method is-config="true" signature="launchURL()[pri:0, instance:com.TestRunner.TestRunner@346d61be]" started-at="2021-12-26T16:02:45 EST" name="launchURL" finished-at="2021-12-26T16:02:47 EST" duration-ms="1603" status="PASS">
          <reporter-output>
          </reporter-output>
        </test-method> <!-- launchURL -->
        <test-method is-config="true" signature="setUpClass()[pri:0, instance:com.TestRunner.TestRunner@346d61be]" started-at="2021-12-26T16:02:47 EST" name="setUpClass" finished-at="2021-12-26T16:02:47 EST" duration-ms="105" status="PASS">
          <reporter-output>
          </reporter-output>
        </test-method> <!-- setUpClass -->
        <test-method signature="feature(cucumber.api.testng.CucumberFeatureWrapper)[pri:0, instance:com.TestRunner.TestRunner@346d61be]" started-at="2021-12-26T16:02:47 EST" name="feature" description="Runs Cucumber Feature" data-provider="features" finished-at="2021-12-26T16:02:53 EST" duration-ms="6400" status="PASS">
          <params>
            <param index="0">
              <value>
                <![CDATA[Deals]]>
              </value>
            </param>
          </params>
          <reporter-output>
          </reporter-output>
        </test-method> <!-- feature -->
        <test-method signature="feature(cucumber.api.testng.CucumberFeatureWrapper)[pri:0, instance:com.TestRunner.TestRunner@346d61be]" started-at="2021-12-26T16:02:53 EST" name="feature" description="Runs Cucumber Feature" data-provider="features" finished-at="2021-12-26T16:03:02 EST" duration-ms="8353" status="PASS">
          <params>
            <param index="0">
              <value>
                <![CDATA[Dell Login]]>
              </value>
            </param>
          </params>
          <reporter-output>
          </reporter-output>
        </test-method> <!-- feature -->
        <test-method signature="feature(cucumber.api.testng.CucumberFeatureWrapper)[pri:0, instance:com.TestRunner.TestRunner@346d61be]" started-at="2021-12-26T16:03:02 EST" name="feature" description="Runs Cucumber Feature" data-provider="features" finished-at="2021-12-26T16:03:05 EST" duration-ms="3331" status="PASS">
          <params>
            <param index="0">
              <value>
                <![CDATA[Servers Deals]]>
              </value>
            </param>
          </params>
          <reporter-output>
          </reporter-output>
        </test-method> <!-- feature -->
        <test-method is-config="true" signature="tearDownClass()[pri:0, instance:com.TestRunner.TestRunner@346d61be]" started-at="2021-12-26T16:03:05 EST" name="tearDownClass" finished-at="2021-12-26T16:03:05 EST" duration-ms="8" status="PASS">
          <reporter-output>
          </reporter-output>
        </test-method> <!-- tearDownClass -->
        <test-method is-config="true" signature="closeURL()[pri:0, instance:com.TestRunner.TestRunner@346d61be]" started-at="2021-12-26T16:03:05 EST" name="closeURL" finished-at="2021-12-26T16:03:06 EST" duration-ms="661" status="PASS">
          <reporter-output>
          </reporter-output>
        </test-method> <!-- closeURL -->
      </class> <!-- com.TestRunner.TestRunner -->
    </test> <!-- Default test -->
  </suite> <!-- Default suite -->
</testng-results>
